Using pre-set license
Built from '2020.2/release' branch; Version is '2020.2.1f1 (270dd8c3da1c) revision 2559448'; Using compiler version '192528614'; Build Type 'Release'
OS: 'Windows 10  (10.0.0) 64bit' Language: 'en' Physical Memory: 32719 MB
BatchMode: 1, IsHumanControllingUs: 0, StartBugReporterOnCrash: 0, Is64bit: 1, IsPro: 0

 COMMAND LINE ARGUMENTS:
C:\Program Files\Unity\Hub\Editor\2020.2.1f1\Editor\Unity.exe
-adb2
-batchMode
-noUpm
-name
AssetImportWorker0
-projectPath
D:/everything else/desktop/Global Game Jam 2021/Global-Game-Jam-Spring-2021/Lost and found
-logFile
Logs/AssetImportWorker0.log
-srvPort
55148
Successfully changed project path to: D:/everything else/desktop/Global Game Jam 2021/Global-Game-Jam-Spring-2021/Lost and found
D:/everything else/desktop/Global Game Jam 2021/Global-Game-Jam-Spring-2021/Lost and found
Using Asset Import Pipeline V2.
Refreshing native plugins compatible for Editor in 31.76 ms, found 0 plugins.
Preloading 0 native plugins for Editor in 0.00 ms.
Initialize engine version: 2020.2.1f1 (270dd8c3da1c)
[Subsystems] Discovering subsystems at path C:/Program Files/Unity/Hub/Editor/2020.2.1f1/Editor/Data/Resources/UnitySubsystems
[Subsystems] Discovering subsystems at path D:/everything else/desktop/Global Game Jam 2021/Global-Game-Jam-Spring-2021/Lost and found/Assets
GfxDevice: creating device client; threaded=0
Direct3D:
    Version:  Direct3D 11.0 [level 11.1]
    Renderer: NVIDIA GeForce GTX 1060 6GB (ID=0x1c03)
    Vendor:   
    VRAM:     6052 MB
    Driver:   27.21.14.5671
Initialize mono
Mono path[0] = 'C:/Program Files/Unity/Hub/Editor/2020.2.1f1/Editor/Data/Managed'
Mono path[1] = 'C:/Program Files/Unity/Hub/Editor/2020.2.1f1/Editor/Data/MonoBleedingEdge/lib/mono/unityjit'
Mono config path = 'C:/Program Files/Unity/Hub/Editor/2020.2.1f1/Editor/Data/MonoBleedingEdge/etc'
Using monoOptions --debugger-agent=transport=dt_socket,embedding=1,server=y,suspend=n,address=127.0.0.1:56476
Begin MonoManager ReloadAssembly
Registering precompiled unity dll's ...
Register platform support module: C:/Program Files/Unity/Hub/Editor/2020.2.1f1/Editor/Data/PlaybackEngines/WindowsStandaloneSupport/UnityEditor.WindowsStandalone.Extensions.dll
Registered in 0.005665 seconds.
Native extension for WindowsStandalone target not found
Refreshing native plugins compatible for Editor in 30.28 ms, found 0 plugins.
Preloading 0 native plugins for Editor in 0.00 ms.
Invoked RoslynAnalysisRunner static constructor.
RoslynAnalysisRunner will not be running.
RoslynAnalysisRunner has terminated.
Mono: successfully reloaded assembly
- Completed reload, in  2.055 seconds
Platform modules already initialized, skipping
Registering precompiled user dll's ...
Registered in 0.000979 seconds.
Begin MonoManager ReloadAssembly
Native extension for WindowsStandalone target not found
Refreshing native plugins compatible for Editor in 0.27 ms, found 0 plugins.
Preloading 0 native plugins for Editor in 0.00 ms.
Invoked RoslynAnalysisRunner static constructor.
RoslynAnalysisRunner will not be running.
RoslynAnalysisRunner has terminated.
Mono: successfully reloaded assembly
- Completed reload, in  1.223 seconds
Platform modules already initialized, skipping
========================================================================
Worker process is ready to serve import requests
Launched and connected shader compiler UnityShaderCompiler.exe after 0.08 seconds
Refreshing native plugins compatible for Editor in 0.25 ms, found 0 plugins.
Preloading 0 native plugins for Editor in 0.00 ms.
Unloading 1094 Unused Serialized files (Serialized files now loaded: 0)
System memory in use before: 56.3 MB.
System memory in use after: 56.3 MB.

Unloading 10 unused Assets to reduce memory usage. Loaded Objects now: 1533.
Total: 2.329200 ms (FindLiveObjects: 0.213400 ms CreateObjectMapping: 0.037400 ms MarkObjects: 1.998900 ms  DeleteObjects: 0.077800 ms)

========================================================================
Received Import Request.
  path: Assets
  artifactKey: Guid(00000000000000001000000000000000) Importer(815301076,1909f56bfc062723c751e8b465ee728b)
Start importing Assets using Guid(00000000000000001000000000000000) Importer(815301076,1909f56bfc062723c751e8b465ee728b)  -> (artifact id: 'e1a2c4dac9df7c17871e19a3b74f0e9f') in 0.013089 seconds
  Import took 0.016091 seconds .

========================================================================
Received Import Request.
  Time since last request: 0.702720 seconds.
  path: Assets/Scripts
  artifactKey: Guid(8a9955f63fc1d2d4b94ec9fb88b41061) Importer(815301076,1909f56bfc062723c751e8b465ee728b)
Start importing Assets/Scripts using Guid(8a9955f63fc1d2d4b94ec9fb88b41061) Importer(815301076,1909f56bfc062723c751e8b465ee728b)  -> (artifact id: '6b7d4967c97f1d980b4e45b0532d0214') in 0.009353 seconds
  Import took 0.011975 seconds .

========================================================================
Received Import Request.
  Time since last request: 10.523050 seconds.
  path: Assets/Textures
  artifactKey: Guid(c9e6100771ff5164eada1a4e25965cf6) Importer(815301076,1909f56bfc062723c751e8b465ee728b)
Start importing Assets/Textures using Guid(c9e6100771ff5164eada1a4e25965cf6) Importer(815301076,1909f56bfc062723c751e8b465ee728b)  -> (artifact id: '1a50708d918308b89d918cf33ff7feb1') in 0.009606 seconds
  Import took 0.012223 seconds .

========================================================================
Received Import Request.
  Time since last request: 7.572308 seconds.
  path: Assets/Characters
  artifactKey: Guid(e0fba7c8a36ac0248bdec899c77df133) Importer(815301076,1909f56bfc062723c751e8b465ee728b)
Start importing Assets/Characters using Guid(e0fba7c8a36ac0248bdec899c77df133) Importer(815301076,1909f56bfc062723c751e8b465ee728b)  -> (artifact id: '5bff62f51bdec0bfd64fd3533992ea11') in 0.012857 seconds
  Import took 0.015659 seconds .

========================================================================
Received Import Request.
  Time since last request: 12.337140 seconds.
  path: Assets/Prefab
  artifactKey: Guid(f197928bc54a48a4d80655eb19c77f8e) Importer(815301076,1909f56bfc062723c751e8b465ee728b)
Start importing Assets/Prefab using Guid(f197928bc54a48a4d80655eb19c77f8e) Importer(815301076,1909f56bfc062723c751e8b465ee728b)  -> (artifact id: '662e39fdc8961be6d659ce4e12bc6da7') in 0.009681 seconds
  Import took 0.011889 seconds .

========================================================================
Received Import Request.
  Time since last request: 5.569796 seconds.
  path: Assets/Prefabs
  artifactKey: Guid(f197928bc54a48a4d80655eb19c77f8e) Importer(815301076,1909f56bfc062723c751e8b465ee728b)
Start importing Assets/Prefabs using Guid(f197928bc54a48a4d80655eb19c77f8e) Importer(815301076,1909f56bfc062723c751e8b465ee728b)  -> (artifact id: 'd03edf8878916b382d6e88cdce286548') in 0.011037 seconds
  Import took 0.013484 seconds .

========================================================================
Received Import Request.
  Time since last request: 14.181187 seconds.
  path: Assets/New Folder
  artifactKey: Guid(29a91c218c5d8ad48b0b1322bf3dabb2) Importer(815301076,1909f56bfc062723c751e8b465ee728b)
Start importing Assets/New Folder using Guid(29a91c218c5d8ad48b0b1322bf3dabb2) Importer(815301076,1909f56bfc062723c751e8b465ee728b)  -> (artifact id: 'd6a418ca6ae28cd05011154b0e9c35c9') in 0.011835 seconds
  Import took 0.014387 seconds .

AssetImportWorkerClient::OnTransportError - code=2 error=End of file
